<?xml version="1.0" encoding="UTF-8"?>
<testng-results ignored="0" total="2" passed="2" failed="0" skipped="0">
  <reporter-output>
  </reporter-output>
  <suite started-at="2018-08-26T15:46:23Z" name="SDET University Test Suites" finished-at="2018-08-26T15:46:28Z" duration-ms="5887">
    <groups>
    </groups>
    <test started-at="2018-08-26T15:46:23Z" name="Smoke Test: a tags test" finished-at="2018-08-26T15:46:25Z" duration-ms="2705">
      <class name="smoketests.ATagsTest">
        <test-method is-config="true" signature="setUp()[pri:0, instance:smoketests.ATagsTest@7e094740]" started-at="2018-08-26T15:46:23Z" name="setUp" finished-at="2018-08-26T15:46:25Z" duration-ms="2129" status="PASS">
          <reporter-output>
          </reporter-output>
        </test-method> <!-- setUp -->
        <test-method signature="loginElementsPresentTest()[pri:0, instance:smoketests.ATagsTest@7e094740]" started-at="2018-08-26T15:46:25Z" name="loginElementsPresentTest" finished-at="2018-08-26T15:46:25Z" duration-ms="403" status="PASS">
          <reporter-output>
          </reporter-output>
        </test-method> <!-- loginElementsPresentTest -->
        <test-method is-config="true" signature="tearDown()[pri:0, instance:smoketests.ATagsTest@7e094740]" started-at="2018-08-26T15:46:25Z" name="tearDown" finished-at="2018-08-26T15:46:25Z" duration-ms="125" status="PASS">
          <reporter-output>
          </reporter-output>
        </test-method> <!-- tearDown -->
      </class> <!-- smoketests.ATagsTest -->
    </test> <!-- Smoke Test: a tags test -->
    <test started-at="2018-08-26T15:46:25Z" name="Smoke Test: Login Page Tests" finished-at="2018-08-26T15:46:28Z" duration-ms="3028">
      <class name="smoketests.LoginPresentTestNG">
        <test-method is-config="true" signature="setUp()[pri:0, instance:smoketests.LoginPresentTestNG@2a551a63]" started-at="2018-08-26T15:46:25Z" name="setUp" finished-at="2018-08-26T15:46:28Z" duration-ms="2502" status="PASS">
          <reporter-output>
          </reporter-output>
        </test-method> <!-- setUp -->
        <test-method signature="loginElementsPresentTest()[pri:0, instance:smoketests.LoginPresentTestNG@2a551a63]" started-at="2018-08-26T15:46:28Z" name="loginElementsPresentTest" finished-at="2018-08-26T15:46:28Z" duration-ms="273" status="PASS">
          <reporter-output>
          </reporter-output>
        </test-method> <!-- loginElementsPresentTest -->
        <test-method is-config="true" signature="tearDown()[pri:0, instance:smoketests.LoginPresentTestNG@2a551a63]" started-at="2018-08-26T15:46:28Z" name="tearDown" finished-at="2018-08-26T15:46:28Z" duration-ms="246" status="PASS">
          <reporter-output>
          </reporter-output>
        </test-method> <!-- tearDown -->
      </class> <!-- smoketests.LoginPresentTestNG -->
    </test> <!-- Smoke Test: Login Page Tests -->
  </suite> <!-- SDET University Test Suites -->
</testng-results>
